{"meta": {"format": 3, "version": "7.13.5", "timestamp": "2026-03-20T15:53:53.165907", "branch_coverage": false, "show_contexts": false}, "files": {"src/omni_server/__init__.py": {"executed_lines": [3], "summary": {"covered_lines": 1, "num_statements": 1, "percent_covered": 100.0, "percent_covered_display": "100", "missing_lines": 0, "excluded_lines": 0, "percent_statements_covered": 100.0, "percent_statements_covered_display": "100"}, "missing_lines": [], "excluded_lines": [], "functions": {"": {"executed_lines": [3], "summary": {"covered_lines": 1, "num_statements": 1, "percent_covered": 100.0, "percent_covered_display": "100", "missing_lines": 0, "excluded_lines": 0, "percent_statements_covered": 100.0, "percent_statements_covered_display": "100"}, "missing_lines": [], "excluded_lines": [], "start_line": 1}}, "classes": {"": {"executed_lines": [3], "summary": {"covered_lines": 1, "num_statements": 1, "percent_covered": 100.0, "percent_covered_display": "100", "missing_lines": 0, "excluded_lines": 0, "percent_statements_covered": 100.0, "percent_statements_covered_display": "100"}, "missing_lines": [], "excluded_lines": [], "start_line": 1}}}, "src/omni_server/admin/__init__.py": {"executed_lines": [3, 5], "summary": {"covered_lines": 2, "num_statements": 2, "percent_covered": 100.0, "percent_covered_display": "100", "missing_lines": 0, "excluded_lines": 0, "percent_statements_covered": 100.0, "percent_statements_covered_display": "100"}, "missing_lines": [], "excluded_lines": [], "functions": {"": {"executed_lines": [3, 5], "summary": {"covered_lines": 2, "num_statements": 2, "percent_covered": 100.0, "percent_covered_display": "100", "missing_lines": 0, "excluded_lines": 0, "percent_statements_covered": 100.0, "percent_statements_covered_display": "100"}, "missing_lines": [], "excluded_lines": [], "start_line": 1}}, "classes": {"": {"executed_lines": [3, 5], "summary": {"covered_lines": 2, "num_statements": 2, "percent_covered": 100.0, "percent_covered_display": "100", "missing_lines": 0, "excluded_lines": 0, "percent_statements_covered": 100.0, "percent_statements_covered_display": "100"}, "missing_lines": [], "excluded_lines": [], "start_line": 1}}}, "src/omni_server/admin/users/models.py": {"executed_lines": [3, 4, 6, 9, 12, 13, 14, 15, 16, 17, 18, 19, 20, 23, 26, 27, 28, 29, 32, 35, 36, 37, 38, 39, 42, 45, 46, 47, 48, 49, 50, 51, 52, 53, 54, 57, 60, 61, 62, 63, 64, 65, 68, 71, 72, 73, 74, 75, 76, 77, 78, 79, 82, 85, 86, 87, 88, 89, 92, 95, 98, 101, 104, 107, 108, 109, 110, 111, 112, 113, 114, 115, 116, 119, 122, 123, 124, 125, 128, 131, 132, 133, 134, 135], "summary": {"covered_lines": 84, "num_statements": 84, "percent_covered": 100.0, "percent_covered_display": "100", "missing_lines": 0, "excluded_lines": 0, "percent_statements_covered": 100.0, "percent_statements_covered_display": "100"}, "missing_lines": [], "excluded_lines": [], "functions": {"": {"executed_lines": [3, 4, 6, 9, 12, 13, 14, 15, 16, 17, 18, 19, 20, 23, 26, 27, 28, 29, 32, 35, 36, 37, 38, 39, 42, 45, 46, 47, 48, 49, 50, 51, 52, 53, 54, 57, 60, 61, 62, 63, 64, 65, 68, 71, 72, 73, 74, 75, 76, 77, 78, 79, 82, 85, 86, 87, 88, 89, 92, 95, 98, 101, 104, 107, 108, 109, 110, 111, 112, 113, 114, 115, 116, 119, 122, 123, 124, 125, 128, 131, 132, 133, 134, 135], "summary": {"covered_lines": 84, "num_statements": 84, "percent_covered": 100.0, "percent_covered_display": "100", "missing_lines": 0, "excluded_lines": 0, "percent_statements_covered": 100.0, "percent_statements_covered_display": "100"}, "missing_lines": [], "excluded_lines": [], "start_line": 1}}, "classes": {"UserResponse": {"executed_lines": [], "summary": {"covered_lines": 0, "num_statements": 0, "percent_covered": 100.0, "percent_covered_display": "100", "missing_lines": 0, "excluded_lines": 0, "percent_statements_covered": 100.0, "percent_statements_covered_display": "100"}, "missing_lines": [], "excluded_lines": [], "start_line": 9}, "UserListResponse": {"executed_lines": [], "summary": {"covered_lines": 0, "num_statements": 0, "percent_covered": 100.0, "percent_covered_display": "100", "missing_lines": 0, "excluded_lines": 0, "percent_statements_covered": 100.0, "percent_statements_covered_display": "100"}, "missing_lines": [], "excluded_lines": [], "start_line": 23}, "UserUpdateRequest": {"executed_lines": [], "summary": {"covered_lines": 0, "num_statements": 0, "percent_covered": 100.0, "percent_covered_display": "100", "missing_lines": 0, "excluded_lines": 0, "percent_statements_covered": 100.0, "percent_statements_covered_display": "100"}, "missing_lines": [], "excluded_lines": [], "start_line": 32}, "UserSettingsResponse": {"executed_lines": [], "summary": {"covered_lines": 0, "num_statements": 0, "percent_covered": 100.0, "percent_covered_display": "100", "missing_lines": 0, "excluded_lines": 0, "percent_statements_covered": 100.0, "percent_statements_covered_display": "100"}, "missing_lines": [], "excluded_lines": [], "start_line": 42}, "UserSettingsUpdateRequest": {"executed_lines": [], "summary": {"covered_lines": 0, "num_statements": 0, "percent_covered": 100.0, "percent_covered_display": "100", "missing_lines": 0, "excluded_lines": 0, "percent_statements_covered": 100.0, "percent_statements_covered_display": "100"}, "missing_lines": [], "excluded_lines": [], "start_line": 57}, "NotificationResponse": {"executed_lines": [], "summary": {"covered_lines": 0, "num_statements": 0, "percent_covered": 100.0, "percent_covered_display": "100", "missing_lines": 0, "excluded_lines": 0, "percent_statements_covered": 100.0, "percent_statements_covered_display": "100"}, "missing_lines": [], "excluded_lines": [], "start_line": 68}, "NotificationListResponse": {"executed_lines": [], "summary": {"covered_lines": 0, "num_statements": 0, "percent_covered": 100.0, "percent_covered_display": "100", "missing_lines": 0, "excluded_lines": 0, "percent_statements_covered": 100.0, "percent_statements_covered_display": "100"}, "missing_lines": [], "excluded_lines": [], "start_line": 82}, "NotificationUpdateRequest": {"executed_lines": [], "summary": {"covered_lines": 0, "num_statements": 0, "percent_covered": 100.0, "percent_covered_display": "100", "missing_lines": 0, "excluded_lines": 0, "percent_statements_covered": 100.0, "percent_statements_covered_display": "100"}, "missing_lines": [], "excluded_lines": [], "start_line": 92}, "NotificationMarkAllReadRequest": {"executed_lines": [], "summary": {"covered_lines": 0, "num_statements": 0, "percent_covered": 100.0, "percent_covered_display": "100", "missing_lines": 0, "excluded_lines": 0, "percent_statements_covered": 100.0, "percent_statements_covered_display": "100"}, "missing_lines": [], "excluded_lines": [], "start_line": 98}, "AuditLogResponse": {"executed_lines": [], "summary": {"covered_lines": 0, "num_statements": 0, "percent_covered": 100.0, "percent_covered_display": "100", "missing_lines": 0, "excluded_lines": 0, "percent_statements_covered": 100.0, "percent_statements_covered_display": "100"}, "missing_lines": [], "excluded_lines": [], "start_line": 104}, "AuditLogListResponse": {"executed_lines": [], "summary": {"covered_lines": 0, "num_statements": 0, "percent_covered": 100.0, "percent_covered_display": "100", "missing_lines": 0, "excluded_lines": 0, "percent_statements_covered": 100.0, "percent_statements_covered_display": "100"}, "missing_lines": [], "excluded_lines": [], "start_line": 119}, "UserCreateAdminRequest": {"executed_lines": [], "summary": {"covered_lines": 0, "num_statements": 0, "percent_covered": 100.0, "percent_covered_display": "100", "missing_lines": 0, "excluded_lines": 0, "percent_statements_covered": 100.0, "percent_statements_covered_display": "100"}, "missing_lines": [], "excluded_lines": [], "start_line": 128}, "": {"executed_lines": [3, 4, 6, 9, 12, 13, 14, 15, 16, 17, 18, 19, 20, 23, 26, 27, 28, 29, 32, 35, 36, 37, 38, 39, 42, 45, 46, 47, 48, 49, 50, 51, 52, 53, 54, 57, 60, 61, 62, 63, 64, 65, 68, 71, 72, 73, 74, 75, 76, 77, 78, 79, 82, 85, 86, 87, 88, 89, 92, 95, 98, 101, 104, 107, 108, 109, 110, 111, 112, 113, 114, 115, 116, 119, 122, 123, 124, 125, 128, 131, 132, 133, 134, 135], "summary": {"covered_lines": 84, "num_statements": 84, "percent_covered": 100.0, "percent_covered_display": "100", "missing_lines": 0, "excluded_lines": 0, "percent_statements_covered": 100.0, "percent_statements_covered_display": "100"}, "missing_lines": [], "excluded_lines": [], "start_line": 1}}}, "src/omni_server/admin/users/routes.py": {"executed_lines": [3, 5, 6, 8, 9, 10, 11, 12, 26, 27, 29, 30, 31, 32, 35, 36, 46, 47, 56, 57, 66, 67, 77, 78, 90, 93, 102, 105, 118, 123, 135, 140, 170, 175, 186, 187, 200, 203, 204], "summary": {"covered_lines": 39, "num_statements": 56, "percent_covered": 69.64285714285714, "percent_covered_display": "70", "missing_lines": 17, "excluded_lines": 0, "percent_statements_covered": 69.64285714285714, "percent_statements_covered_display": "70"}, "missing_lines": [43, 53, 63, 74, 84, 99, 112, 132, 147, 152, 153, 155, 157, 183, 194, 195, 212], "excluded_lines": [], "functions": {"list_users": {"executed_lines": [], "summary": {"covered_lines": 0, "num_statements": 1, "percent_covered": 0.0, "percent_covered_display": "0", "missing_lines": 1, "excluded_lines": 0, "percent_statements_covered": 0.0, "percent_statements_covered_display": "0"}, "missing_lines": [43], "excluded_lines": [], "start_line": 36}, "get_user": {"executed_lines": [], "summary": {"covered_lines": 0, "num_statements": 1, "percent_covered": 0.0, "percent_covered_display": "0", "missing_lines": 1, "excluded_lines": 0, "percent_statements_covered": 0.0, "percent_statements_covered_display": "0"}, "missing_lines": [53], "excluded_lines": [], "start_line": 47}, "create_user": {"executed_lines": [], "summary": {"covered_lines": 0, "num_statements": 1, "percent_covered": 0.0, "percent_covered_display": "0", "missing_lines": 1, "excluded_lines": 0, "percent_statements_covered": 0.0, "percent_statements_covered_display": "0"}, "missing_lines": [63], "excluded_lines": [], "start_line": 57}, "update_user": {"executed_lines": [], "summary": {"covered_lines": 0, "num_statements": 1, "percent_covered": 0.0, "percent_covered_display": "0", "missing_lines": 1, "excluded_lines": 0, "percent_statements_covered": 0.0, "percent_statements_covered_display": "0"}, "missing_lines": [74], "excluded_lines": [], "start_line": 67}, "delete_user": {"executed_lines": [], "summary": {"covered_lines": 0, "num_statements": 1, "percent_covered": 0.0, "percent_covered_display": "0", "missing_lines": 1, "excluded_lines": 0, "percent_statements_covered": 0.0, "percent_statements_covered_display": "0"}, "missing_lines": [84], "excluded_lines": [], "start_line": 78}, "get_user_settings": {"executed_lines": [], "summary": {"covered_lines": 0, "num_statements": 1, "percent_covered": 0.0, "percent_covered_display": "0", "missing_lines": 1, "excluded_lines": 0, "percent_statements_covered": 0.0, "percent_statements_covered_display": "0"}, "missing_lines": [99], "excluded_lines": [], "start_line": 93}, "update_user_settings": {"executed_lines": [], "summary": {"covered_lines": 0, "num_statements": 1, "percent_covered": 0.0, "percent_covered_display": "0", "missing_lines": 1, "excluded_lines": 0, "percent_statements_covered": 0.0, "percent_statements_covered_display": "0"}, "missing_lines": [112], "excluded_lines": [], "start_line": 105}, "list_notifications": {"executed_lines": [], "summary": {"covered_lines": 0, "num_statements": 1, "percent_covered": 0.0, "percent_covered_display": "0", "missing_lines": 1, "excluded_lines": 0, "percent_statements_covered": 0.0, "percent_statements_covered_display": "0"}, "missing_lines": [132], "excluded_lines": [], "start_line": 123}, "get_notification": {"executed_lines": [], "summary": {"covered_lines": 0, "num_statements": 5, "percent_covered": 0.0, "percent_covered_display": "0", "missing_lines": 5, "excluded_lines": 0, "percent_statements_covered": 0.0, "percent_statements_covered_display": "0"}, "missing_lines": [147, 152, 153, 155, 157], "excluded_lines": [], "start_line": 140}, "update_notification": {"executed_lines": [], "summary": {"covered_lines": 0, "num_statements": 1, "percent_covered": 0.0, "percent_covered_display": "0", "missing_lines": 1, "excluded_lines": 0, "percent_statements_covered": 0.0, "percent_statements_covered_display": "0"}, "missing_lines": [183], "excluded_lines": [], "start_line": 175}, "mark_all_notifications_read": {"executed_lines": [], "summary": {"covered_lines": 0, "num_statements": 2, "percent_covered": 0.0, "percent_covered_display": "0", "missing_lines": 2, "excluded_lines": 0, "percent_statements_covered": 0.0, "percent_statements_covered_display": "0"}, "missing_lines": [194, 195], "excluded_lines": [], "start_line": 187}, "list_audit_logs": {"executed_lines": [], "summary": {"covered_lines": 0, "num_statements": 1, "percent_covered": 0.0, "percent_covered_display": "0", "missing_lines": 1, "excluded_lines": 0, "percent_statements_covered": 0.0, "percent_statements_covered_display": "0"}, "missing_lines": [212], "excluded_lines": [], "start_line": 204}, "": {"executed_lines": [3, 5, 6, 8, 9, 10, 11, 12, 26, 27, 29, 30, 31, 32, 35, 36, 46, 47, 56, 57, 66, 67, 77, 78, 90, 93, 102, 105, 118, 123, 135, 140, 170, 175, 186, 187, 200, 203, 204], "summary": {"covered_lines": 39, "num_statements": 39, "percent_covered": 100.0, "percent_covered_display": "100", "missing_lines": 0, "excluded_lines": 0, "percent_statements_covered": 100.0, "percent_statements_covered_display": "100"}, "missing_lines": [], "excluded_lines": [], "start_line": 1}}, "classes": {"": {"executed_lines": [3, 5, 6, 8, 9, 10, 11, 12, 26, 27, 29, 30, 31, 32, 35, 36, 46, 47, 56, 57, 66, 67, 77, 78, 90, 93, 102, 105, 118, 123, 135, 140, 170, 175, 186, 187, 200, 203, 204], "summary": {"covered_lines": 39, "num_statements": 56, "percent_covered": 69.64285714285714, "percent_covered_display": "70", "missing_lines": 17, "excluded_lines": 0, "percent_statements_covered": 69.64285714285714, "percent_statements_covered_display": "70"}, "missing_lines": [43, 53, 63, 74, 84, 99, 112, 132, 147, 152, 153, 155, 157, 183, 194, 195, 212], "excluded_lines": [], "start_line": 1}}}, "src/omni_server/admin/users/service.py": {"executed_lines": [3, 4, 6, 7, 9, 10, 11, 26, 29, 31, 33, 45, 55, 56, 60, 62, 63, 64, 66, 67, 68, 69, 83, 85, 87, 88, 89, 91, 92, 104, 109, 110, 116, 117, 123, 124, 128, 129, 139, 140, 141, 144, 155, 156, 159, 170, 182, 190, 191, 195, 207, 208, 213, 217, 219, 222, 230, 233, 234, 235, 238, 249, 250, 262, 264, 269, 270, 274, 286, 287, 291, 293, 294, 297, 310, 370, 379, 381, 384, 385, 390, 391, 395, 410, 418, 426, 431, 436, 437, 438, 440, 452, 454, 459, 460, 461, 462, 463, 467], "summary": {"covered_lines": 99, "num_statements": 157, "percent_covered": 63.05732484076433, "percent_covered_display": "63", "missing_lines": 58, "excluded_lines": 0, "percent_statements_covered": 63.05732484076433, "percent_statements_covered_display": "63"}, "missing_lines": [111, 118, 125, 192, 196, 201, 202, 205, 214, 220, 223, 224, 225, 228, 231, 265, 271, 295, 318, 319, 321, 332, 333, 334, 337, 338, 339, 340, 341, 342, 343, 344, 345, 346, 347, 348, 349, 351, 352, 353, 355, 382, 432, 475, 477, 478, 480, 481, 482, 486, 487, 488, 489, 490, 491, 492, 494, 509], "excluded_lines": [], "functions": {"UserService.__init__": {"executed_lines": [31], "summary": {"covered_lines": 1, "num_statements": 1, "percent_covered": 100.0, "percent_covered_display": "100", "missing_lines": 0, "excluded_lines": 0, "percent_statements_covered": 100.0, "percent_statements_covered_display": "100"}, "missing_lines": [], "excluded_lines": [], "start_line": 29}, "UserService.create_audit_log": {"executed_lines": [45, 55, 56], "summary": {"covered_lines": 3, "num_statements": 3, "percent_covered": 100.0, "percent_covered_display": "100", "missing_lines": 0, "excluded_lines": 0, "percent_statements_covered": 100.0, "percent_statements_covered_display": "100"}, "missing_lines": [], "excluded_lines": [], "start_line": 33}, "UserService.list_users": {"executed_lines": [62, 63, 64, 66, 67, 68, 69, 83], "summary": {"covered_lines": 8, "num_statements": 8, "percent_covered": 100.0, "percent_covered_display": "100", "missing_lines": 0, "excluded_lines": 0, "percent_statements_covered": 100.0, "percent_statements_covered_display": "100"}, "missing_lines": [], "excluded_lines": [], "start_line": 60}, "UserService.get_user": {"executed_lines": [87, 88, 89, 91, 92], "summary": {"covered_lines": 5, "num_statements": 5, "percent_covered": 100.0, "percent_covered_display": "100", "missing_lines": 0, "excluded_lines": 0, "percent_statements_covered": 100.0, "percent_statements_covered_display": "100"}, "missing_lines": [], "excluded_lines": [], "start_line": 85}, "UserService.create_user": {"executed_lines": [109, 110, 116, 117, 123, 124, 128, 129, 139, 140, 141, 144, 155, 156, 159, 170], "summary": {"covered_lines": 16, "num_statements": 19, "percent_covered": 84.21052631578948, "percent_covered_display": "84", "missing_lines": 3, "excluded_lines": 0, "percent_statements_covered": 84.21052631578948, "percent_statements_covered_display": "84"}, "missing_lines": [111, 118, 125], "excluded_lines": [], "start_line": 104}, "UserService.update_user": {"executed_lines": [190, 191, 195, 207, 208, 213, 217, 219, 222, 230, 233, 234, 235, 238, 249, 250], "summary": {"covered_lines": 16, "num_statements": 28, "percent_covered": 57.142857142857146, "percent_covered_display": "57", "missing_lines": 12, "excluded_lines": 0, "percent_statements_covered": 57.142857142857146, "percent_statements_covered_display": "57"}, "missing_lines": [192, 196, 201, 202, 205, 214, 220, 223, 224, 225, 228, 231], "excluded_lines": [], "start_line": 182}, "UserService.delete_user": {"executed_lines": [264, 269, 270, 274, 286, 287], "summary": {"covered_lines": 6, "num_statements": 8, "percent_covered": 75.0, "percent_covered_display": "75", "missing_lines": 2, "excluded_lines": 0, "percent_statements_covered": 75.0, "percent_statements_covered_display": "75"}, "missing_lines": [265, 271], "excluded_lines": [], "start_line": 262}, "UserService.get_user_settings": {"executed_lines": [293, 294, 297], "summary": {"covered_lines": 3, "num_statements": 4, "percent_covered": 75.0, "percent_covered_display": "75", "missing_lines": 1, "excluded_lines": 0, "percent_statements_covered": 75.0, "percent_statements_covered_display": "75"}, "missing_lines": [295], "excluded_lines": [], "start_line": 291}, "UserService.update_user_settings": {"executed_lines": [], "summary": {"covered_lines": 0, "num_statements": 23, "percent_covered": 0.0, "percent_covered_display": "0", "missing_lines": 23, "excluded_lines": 0, "percent_statements_covered": 0.0, "percent_statements_covered_display": "0"}, "missing_lines": [318, 319, 321, 332, 333, 334, 337, 338, 339, 340, 341, 342, 343, 344, 345, 346, 347, 348, 349, 351, 352, 353, 355], "excluded_lines": [], "start_line": 310}, "UserService.list_notifications": {"executed_lines": [379, 381, 384, 385, 390, 391, 395, 410], "summary": {"covered_lines": 8, "num_statements": 9, "percent_covered": 88.88888888888889, "percent_covered_display": "89", "missing_lines": 1, "excluded_lines": 0, "percent_statements_covered": 88.88888888888889, "percent_statements_covered_display": "89"}, "missing_lines": [382], "excluded_lines": [], "start_line": 370}, "UserService.update_notification": {"executed_lines": [426, 431, 436, 437, 438, 440], "summary": {"covered_lines": 6, "num_statements": 7, "percent_covered": 85.71428571428571, "percent_covered_display": "86", "missing_lines": 1, "excluded_lines": 0, "percent_statements_covered": 85.71428571428571, "percent_statements_covered_display": "86"}, "missing_lines": [432], "excluded_lines": [], "start_line": 418}, "UserService.mark_all_notifications_read": {"executed_lines": [454, 459, 460, 461, 462, 463], "summary": {"covered_lines": 6, "num_statements": 6, "percent_covered": 100.0, "percent_covered_display": "100", "missing_lines": 0, "excluded_lines": 0, "percent_statements_covered": 100.0, "percent_statements_covered_display": "100"}, "missing_lines": [], "excluded_lines": [], "start_line": 452}, "UserService.list_audit_logs": {"executed_lines": [], "summary": {"covered_lines": 0, "num_statements": 15, "percent_covered": 0.0, "percent_covered_display": "0", "missing_lines": 15, "excluded_lines": 0, "percent_statements_covered": 0.0, "percent_statements_covered_display": "0"}, "missing_lines": [475, 477, 478, 480, 481, 482, 486, 487, 488, 489, 490, 491, 492, 494, 509], "excluded_lines": [], "start_line": 467}, "": {"executed_lines": [3, 4, 6, 7, 9, 10, 11, 26, 29, 33, 60, 85, 104, 182, 262, 291, 310, 370, 418, 452, 467], "summary": {"covered_lines": 21, "num_statements": 21, "percent_covered": 100.0, "percent_covered_display": "100", "missing_lines": 0, "excluded_lines": 0, "percent_statements_covered": 100.0, "percent_statements_covered_display": "100"}, "missing_lines": [], "excluded_lines": [], "start_line": 1}}, "classes": {"UserService": {"executed_lines": [31, 45, 55, 56, 62, 63, 64, 66, 67, 68, 69, 83, 87, 88, 89, 91, 92, 109, 110, 116, 117, 123, 124, 128, 129, 139, 140, 141, 144, 155, 156, 159, 170, 190, 191, 195, 207, 208, 213, 217, 219, 222, 230, 233, 234, 235, 238, 249, 250, 264, 269, 270, 274, 286, 287, 293, 294, 297, 379, 381, 384, 385, 390, 391, 395, 410, 426, 431, 436, 437, 438, 440, 454, 459, 460, 461, 462, 463], "summary": {"covered_lines": 78, "num_statements": 136, "percent_covered": 57.35294117647059, "percent_covered_display": "57", "missing_lines": 58, "excluded_lines": 0, "percent_statements_covered": 57.35294117647059, "percent_statements_covered_display": "57"}, "missing_lines": [111, 118, 125, 192, 196, 201, 202, 205, 214, 220, 223, 224, 225, 228, 231, 265, 271, 295, 318, 319, 321, 332, 333, 334, 337, 338, 339, 340, 341, 342, 343, 344, 345, 346, 347, 348, 349, 351, 352, 353, 355, 382, 432, 475, 477, 478, 480, 481, 482, 486, 487, 488, 489, 490, 491, 492, 494, 509], "excluded_lines": [], "start_line": 26}, "": {"executed_lines": [3, 4, 6, 7, 9, 10, 11, 26, 29, 33, 60, 85, 104, 182, 262, 291, 310, 370, 418, 452, 467], "summary": {"covered_lines": 21, "num_statements": 21, "percent_covered": 100.0, "percent_covered_display": "100", "missing_lines": 0, "excluded_lines": 0, "percent_statements_covered": 100.0, "percent_statements_covered_display": "100"}, "missing_lines": [], "excluded_lines": [], "start_line": 1}}}, "src/omni_server/api/__init__.py": {"executed_lines": [3, 5], "summary": {"covered_lines": 2, "num_statements": 2, "percent_covered": 100.0, "percent_covered_display": "100", "missing_lines": 0, "excluded_lines": 0, "percent_statements_covered": 100.0, "percent_statements_covered_display": "100"}, "missing_lines": [], "excluded_lines": [], "functions": {"": {"executed_lines": [3, 5], "summary": {"covered_lines": 2, "num_statements": 2, "percent_covered": 100.0, "percent_covered_display": "100", "missing_lines": 0, "excluded_lines": 0, "percent_statements_covered": 100.0, "percent_statements_covered_display": "100"}, "missing_lines": [], "excluded_lines": [], "start_line": 1}}, "classes": {"": {"executed_lines": [3, 5], "summary": {"covered_lines": 2, "num_statements": 2, "percent_covered": 100.0, "percent_covered_display": "100", "missing_lines": 0, "excluded_lines": 0, "percent_statements_covered": 100.0, "percent_statements_covered_display": "100"}, "missing_lines": [], "excluded_lines": [], "start_line": 1}}}, "src/omni_server/api/devices.py": {"executed_lines": [3, 5, 6, 8, 9, 11, 14, 15, 21, 22, 27, 29, 30, 31, 32, 33, 34, 35, 36, 38, 47, 49, 50, 53, 54, 59, 61, 62, 64, 76, 77, 82, 84, 85, 87, 88], "summary": {"covered_lines": 36, "num_statements": 36, "percent_covered": 100.0, "percent_covered_display": "100", "missing_lines": 0, "excluded_lines": 0, "percent_statements_covered": 100.0, "percent_statements_covered_display": "100"}, "missing_lines": [], "excluded_lines": [], "functions": {"receive_heartbeat": {"executed_lines": [21, 22, 27, 29, 30, 31, 32, 33, 34, 35, 36, 38, 47, 49, 50], "summary": {"covered_lines": 15, "num_statements": 15, "percent_covered": 100.0, "percent_covered_display": "100", "missing_lines": 0, "excluded_lines": 0, "percent_statements_covered": 100.0, "percent_statements_covered_display": "100"}, "missing_lines": [], "excluded_lines": [], "start_line": 15}, "get_device": {"executed_lines": [59, 61, 62, 64], "summary": {"covered_lines": 4, "num_statements": 4, "percent_covered": 100.0, "percent_covered_display": "100", "missing_lines": 0, "excluded_lines": 0, "percent_statements_covered": 100.0, "percent_statements_covered_display": "100"}, "missing_lines": [], "excluded_lines": [], "start_line": 54}, "list_devices": {"executed_lines": [82, 84, 85, 87, 88], "summary": {"covered_lines": 5, "num_statements": 5, "percent_covered": 100.0, "percent_covered_display": "100", "missing_lines": 0, "excluded_lines": 0, "percent_statements_covered": 100.0, "percent_statements_covered_display": "100"}, "missing_lines": [], "excluded_lines": [], "start_line": 77}, "": {"executed_lines": [3, 5, 6, 8, 9, 11, 14, 15, 53, 54, 76, 77], "summary": {"covered_lines": 12, "num_statements": 12, "percent_covered": 100.0, "percent_covered_display": "100", "missing_lines": 0, "excluded_lines": 0, "percent_statements_covered": 100.0, "percent_statements_covered_display": "100"}, "missing_lines": [], "excluded_lines": [], "start_line": 1}}, "classes": {"": {"executed_lines": [3, 5, 6, 8, 9, 11, 14, 15, 21, 22, 27, 29, 30, 31, 32, 33, 34, 35, 36, 38, 47, 49, 50, 53, 54, 59, 61, 62, 64, 76, 77, 82, 84, 85, 87, 88], "summary": {"covered_lines": 36, "num_statements": 36, "percent_covered": 100.0, "percent_covered_display": "100", "missing_lines": 0, "excluded_lines": 0, "percent_statements_covered": 100.0, "percent_statements_covered_display": "100"}, "missing_lines": [], "excluded_lines": [], "start_line": 1}}}, "src/omni_server/api/tasks.py": {"executed_lines": [3, 5, 6, 8, 9, 10, 12, 15, 16, 21, 22, 36, 37, 42, 43, 44, 46, 56, 57, 62, 68, 71, 72, 78, 79, 80, 82, 83, 84, 88, 95, 96, 102, 103, 104, 106], "summary": {"covered_lines": 36, "num_statements": 36, "percent_covered": 100.0, "percent_covered_display": "100", "missing_lines": 0, "excluded_lines": 0, "percent_statements_covered": 100.0, "percent_statements_covered_display": "100"}, "missing_lines": [], "excluded_lines": [], "functions": {"list_tasks": {"executed_lines": [21, 22], "summary": {"covered_lines": 2, "num_statements": 2, "percent_covered": 100.0, "percent_covered_display": "100", "missing_lines": 0, "excluded_lines": 0, "percent_statements_covered": 100.0, "percent_statements_covered_display": "100"}, "missing_lines": [], "excluded_lines": [], "start_line": 16}, "get_task": {"executed_lines": [42, 43, 44, 46], "summary": {"covered_lines": 4, "num_statements": 4, "percent_covered": 100.0, "percent_covered_display": "100", "missing_lines": 0, "excluded_lines": 0, "percent_statements_covered": 100.0, "percent_statements_covered_display": "100"}, "missing_lines": [], "excluded_lines": [], "start_line": 37}, "create_task": {"executed_lines": [62, 68], "summary": {"covered_lines": 2, "num_statements": 2, "percent_covered": 100.0, "percent_covered_display": "100", "missing_lines": 0, "excluded_lines": 0, "percent_statements_covered": 100.0, "percent_statements_covered_display": "100"}, "missing_lines": [], "excluded_lines": [], "start_line": 57}, "assign_task": {"executed_lines": [78, 79, 80, 82, 83, 84, 88], "summary": {"covered_lines": 7, "num_statements": 7, "percent_covered": 100.0, "percent_covered_display": "100", "missing_lines": 0, "excluded_lines": 0, "percent_statements_covered": 100.0, "percent_statements_covered_display": "100"}, "missing_lines": [], "excluded_lines": [], "start_line": 72}, "record_result": {"executed_lines": [102, 103, 104, 106], "summary": {"covered_lines": 4, "num_statements": 4, "percent_covered": 100.0, "percent_covered_display": "100", "missing_lines": 0, "excluded_lines": 0, "percent_statements_covered": 100.0, "percent_statements_covered_display": "100"}, "missing_lines": [], "excluded_lines": [], "start_line": 96}, "": {"executed_lines": [3, 5, 6, 8, 9, 10, 12, 15, 16, 36, 37, 56, 57, 71, 72, 95, 96], "summary": {"covered_lines": 17, "num_statements": 17, "percent_covered": 100.0, "percent_covered_display": "100", "missing_lines": 0, "excluded_lines": 0, "percent_statements_covered": 100.0, "percent_statements_covered_display": "100"}, "missing_lines": [], "excluded_lines": [], "start_line": 1}}, "classes": {"": {"executed_lines": [3, 5, 6, 8, 9, 10, 12, 15, 16, 21, 22, 36, 37, 42, 43, 44, 46, 56, 57, 62, 68, 71, 72, 78, 79, 80, 82, 83, 84, 88, 95, 96, 102, 103, 104, 106], "summary": {"covered_lines": 36, "num_statements": 36, "percent_covered": 100.0, "percent_covered_display": "100", "missing_lines": 0, "excluded_lines": 0, "percent_statements_covered": 100.0, "percent_statements_covered_display": "100"}, "missing_lines": [], "excluded_lines": [], "start_line": 1}}}, "src/omni_server/auth/__init__.py": {"executed_lines": [3, 12, 14], "summary": {"covered_lines": 3, "num_statements": 3, "percent_covered": 100.0, "percent_covered_display": "100", "missing_lines": 0, "excluded_lines": 0, "percent_statements_covered": 100.0, "percent_statements_covered_display": "100"}, "missing_lines": [], "excluded_lines": [], "functions": {"": {"executed_lines": [3, 12, 14], "summary": {"covered_lines": 3, "num_statements": 3, "percent_covered": 100.0, "percent_covered_display": "100", "missing_lines": 0, "excluded_lines": 0, "percent_statements_covered": 100.0, "percent_statements_covered_display": "100"}, "missing_lines": [], "excluded_lines": [], "start_line": 1}}, "classes": {"": {"executed_lines": [3, 12, 14], "summary": {"covered_lines": 3, "num_statements": 3, "percent_covered": 100.0, "percent_covered_display": "100", "missing_lines": 0, "excluded_lines": 0, "percent_statements_covered": 100.0, "percent_statements_covered_display": "100"}, "missing_lines": [], "excluded_lines": [], "start_line": 1}}}, "src/omni_server/auth/models.py": {"executed_lines": [3, 4, 6, 12, 15, 16, 17, 19, 20, 21, 23, 25, 27, 28, 29, 31, 32, 33, 35, 40, 43, 46, 47, 50, 53, 56, 59, 60, 61, 62, 63, 64, 65, 66, 69, 72, 73, 75, 76, 77, 94, 97, 98, 99, 100, 101, 102, 103, 104, 105, 108, 111, 112, 113, 114, 115, 116, 119, 122, 125, 128, 129, 130, 131, 132, 135, 138, 139], "summary": {"covered_lines": 68, "num_statements": 76, "percent_covered": 89.47368421052632, "percent_covered_display": "89", "missing_lines": 8, "excluded_lines": 0, "percent_statements_covered": 89.47368421052632, "percent_statements_covered_display": "89"}, "missing_lines": [24, 36, 79, 80, 81, 83, 84, 88], "excluded_lines": [], "functions": {"UserRegisterRequest.validate_username": {"executed_lines": [23, 25], "summary": {"covered_lines": 2, "num_statements": 3, "percent_covered": 66.66666666666667, "percent_covered_display": "67", "missing_lines": 1, "excluded_lines": 0, "percent_statements_covered": 66.66666666666667, "percent_statements_covered_display": "67"}, "missing_lines": [24], "excluded_lines": [], "start_line": 21}, "UserRegisterRequest.validate_password_strength": {"executed_lines": [31, 32, 33, 35, 40], "summary": {"covered_lines": 5, "num_statements": 6, "percent_covered": 83.33333333333333, "percent_covered_display": "83", "missing_lines": 1, "excluded_lines": 0, "percent_statements_covered": 83.33333333333333, "percent_statements_covered_display": "83"}, "missing_lines": [36], "excluded_lines": [], "start_line": 29}, "PasswordChangeRequest.validate_password_strength": {"executed_lines": [], "summary": {"covered_lines": 0, "num_statements": 6, "percent_covered": 0.0, "percent_covered_display": "0", "missing_lines": 6, "excluded_lines": 0, "percent_statements_covered": 0.0, "percent_statements_covered_display": "0"}, "missing_lines": [79, 80, 81, 83, 84, 88], "excluded_lines": [], "start_line": 77}, "": {"executed_lines": [3, 4, 6, 12, 15, 16, 17, 19, 20, 21, 27, 28, 29, 43, 46, 47, 50, 53, 56, 59, 60, 61, 62, 63, 64, 65, 66, 69, 72, 73, 75, 76, 77, 94, 97, 98, 99, 100, 101, 102, 103, 104, 105, 108, 111, 112, 113, 114, 115, 116, 119, 122, 125, 128, 129, 130, 131, 132, 135, 138, 139], "summary": {"covered_lines": 61, "num_statements": 61, "percent_covered": 100.0, "percent_covered_display": "100", "missing_lines": 0, "excluded_lines": 0, "percent_statements_covered": 100.0, "percent_statements_covered_display": "100"}, "missing_lines": [], "excluded_lines": [], "start_line": 1}}, "classes": {"UserRegisterRequest": {"executed_lines": [23, 25, 31, 32, 33, 35, 40], "summary": {"covered_lines": 7, "num_statements": 9, "percent_covered": 77.77777777777777, "percent_covered_display": "78", "missing_lines": 2, "excluded_lines": 0, "percent_statements_covered": 77.77777777777777, "percent_statements_covered_display": "78"}, "missing_lines": [24, 36], "excluded_lines": [], "start_line": 12}, "UserLoginRequest": {"executed_lines": [], "summary": {"covered_lines": 0, "num_statements": 0, "percent_covered": 100.0, "percent_covered_display": "100", "missing_lines": 0, "excluded_lines": 0, "percent_statements_covered": 100.0, "percent_statements_covered_display": "100"}, "missing_lines": [], "excluded_lines": [], "start_line": 43}, "TokenRefreshRequest": {"executed_lines": [], "summary": {"covered_lines": 0, "num_statements": 0, "percent_covered": 100.0, "percent_covered_display": "100", "missing_lines": 0, "excluded_lines": 0, "percent_statements_covered": 100.0, "percent_statements_covered_display": "100"}, "missing_lines": [], "excluded_lines": [], "start_line": 50}, "UserUpdateRequest": {"executed_lines": [], "summary": {"covered_lines": 0, "num_statements": 0, "percent_covered": 100.0, "percent_covered_display": "100", "missing_lines": 0, "excluded_lines": 0, "percent_statements_covered": 100.0, "percent_statements_covered_display": "100"}, "missing_lines": [], "excluded_lines": [], "start_line": 56}, "PasswordChangeRequest": {"executed_lines": [], "summary": {"covered_lines": 0, "num_statements": 6, "percent_covered": 0.0, "percent_covered_display": "0", "missing_lines": 6, "excluded_lines": 0, "percent_statements_covered": 0.0, "percent_statements_covered_display": "0"}, "missing_lines": [79, 80, 81, 83, 84, 88], "excluded_lines": [], "start_line": 69}, "UserResponse": {"executed_lines": [], "summary": {"covered_lines": 0, "num_statements": 0, "percent_covered": 100.0, "percent_covered_display": "100", "missing_lines": 0, "excluded_lines": 0, "percent_statements_covered": 100.0, "percent_statements_covered_display": "100"}, "missing_lines": [], "excluded_lines": [], "start_line": 94}, "UserSettingsResponse": {"executed_lines": [], "summary": {"covered_lines": 0, "num_statements": 0, "percent_covered": 100.0, "percent_covered_display": "100", "missing_lines": 0, "excluded_lines": 0, "percent_statements_covered": 100.0, "percent_statements_covered_display": "100"}, "missing_lines": [], "excluded_lines": [], "start_line": 108}, "UserDetailResponse": {"executed_lines": [], "summary": {"covered_lines": 0, "num_statements": 0, "percent_covered": 100.0, "percent_covered_display": "100", "missing_lines": 0, "excluded_lines": 0, "percent_statements_covered": 100.0, "percent_statements_covered_display": "100"}, "missing_lines": [], "excluded_lines": [], "start_line": 119}, "TokenResponse": {"executed_lines": [], "summary": {"covered_lines": 0, "num_statements": 0, "percent_covered": 100.0, "percent_covered_display": "100", "missing_lines": 0, "excluded_lines": 0, "percent_statements_covered": 100.0, "percent_statements_covered_display": "100"}, "missing_lines": [], "excluded_lines": [], "start_line": 125}, "OAuthCallbackRequest": {"executed_lines": [], "summary": {"covered_lines": 0, "num_statements": 0, "percent_covered": 100.0, "percent_covered_display": "100", "missing_lines": 0, "excluded_lines": 0, "percent_statements_covered": 100.0, "percent_statements_covered_display": "100"}, "missing_lines": [], "excluded_lines": [], "start_line": 135}, "": {"executed_lines": [3, 4, 6, 12, 15, 16, 17, 19, 20, 21, 27, 28, 29, 43, 46, 47, 50, 53, 56, 59, 60, 61, 62, 63, 64, 65, 66, 69, 72, 73, 75, 76, 77, 94, 97, 98, 99, 100, 101, 102, 103, 104, 105, 108, 111, 112, 113, 114, 115, 116, 119, 122, 125, 128, 129, 130, 131, 132, 135, 138, 139], "summary": {"covered_lines": 61, "num_statements": 61, "percent_covered": 100.0, "percent_covered_display": "100", "missing_lines": 0, "excluded_lines": 0, "percent_statements_covered": 100.0, "percent_statements_covered_display": "100"}, "missing_lines": [], "excluded_lines": [], "start_line": 1}}}, "src/omni_server/auth/routes.py": {"executed_lines": [3, 5, 6, 7, 9, 10, 11, 12, 21, 23, 24, 27, 28, 31, 45, 46, 54, 55, 63, 64, 78, 79, 95, 96, 111, 112, 128, 129, 137, 138, 146, 147, 156, 157], "summary": {"covered_lines": 34, "num_statements": 57, "percent_covered": 59.64912280701754, "percent_covered_display": "60", "missing_lines": 23, "excluded_lines": 0, "percent_statements_covered": 59.64912280701754, "percent_statements_covered_display": "60"}, "missing_lines": [36, 37, 42, 51, 60, 66, 68, 74, 75, 86, 87, 92, 98, 100, 107, 108, 119, 120, 125, 134, 143, 153, 163], "excluded_lines": [], "functions": {"get_current_user": {"executed_lines": [], "summary": {"covered_lines": 0, "num_statements": 3, "percent_covered": 0.0, "percent_covered_display": "0", "missing_lines": 3, "excluded_lines": 0, "percent_statements_covered": 0.0, "percent_statements_covered_display": "0"}, "missing_lines": [36, 37, 42], "excluded_lines": [], "start_line": 31}, "register": {"executed_lines": [], "summary": {"covered_lines": 0, "num_statements": 1, "percent_covered": 0.0, "percent_covered_display": "0", "missing_lines": 1, "excluded_lines": 0, "percent_statements_covered": 0.0, "percent_statements_covered_display": "0"}, "missing_lines": [51], "excluded_lines": [], "start_line": 46}, "login": {"executed_lines": [], "summary": {"covered_lines": 0, "num_statements": 1, "percent_covered": 0.0, "percent_covered_display": "0", "missing_lines": 1, "excluded_lines": 0, "percent_statements_covered": 0.0, "percent_statements_covered_display": "0"}, "missing_lines": [60], "excluded_lines": [], "start_line": 55}, "github_oauth_redirect": {"executed_lines": [], "summary": {"covered_lines": 0, "num_statements": 4, "percent_covered": 0.0, "percent_covered_display": "0", "missing_lines": 4, "excluded_lines": 0, "percent_statements_covered": 0.0, "percent_statements_covered_display": "0"}, "missing_lines": [66, 68, 74, 75], "excluded_lines": [], "start_line": 64}, "github_oauth_callback": {"executed_lines": [], "summary": {"covered_lines": 0, "num_statements": 3, "percent_covered": 0.0, "percent_covered_display": "0", "missing_lines": 3, "excluded_lines": 0, "percent_statements_covered": 0.0, "percent_statements_covered_display": "0"}, "missing_lines": [86, 87, 92], "excluded_lines": [], "start_line": 79}, "gitlab_oauth_redirect": {"executed_lines": [], "summary": {"covered_lines": 0, "num_statements": 4, "percent_covered": 0.0, "percent_covered_display": "0", "missing_lines": 4, "excluded_lines": 0, "percent_statements_covered": 0.0, "percent_statements_covered_display": "0"}, "missing_lines": [98, 100, 107, 108], "excluded_lines": [], "start_line": 96}, "gitlab_oauth_callback": {"executed_lines": [], "summary": {"covered_lines": 0, "num_statements": 3, "percent_covered": 0.0, "percent_covered_display": "0", "missing_lines": 3, "excluded_lines": 0, "percent_statements_covered": 0.0, "percent_statements_covered_display": "0"}, "missing_lines": [119, 120, 125], "excluded_lines": [], "start_line": 112}, "refresh": {"executed_lines": [], "summary": {"covered_lines": 0, "num_statements": 1, "percent_covered": 0.0, "percent_covered_display": "0", "missing_lines": 1, "excluded_lines": 0, "percent_statements_covered": 0.0, "percent_statements_covered_display": "0"}, "missing_lines": [134], "excluded_lines": [], "start_line": 129}, "get_current_user_info": {"executed_lines": [], "summary": {"covered_lines": 0, "num_statements": 1, "percent_covered": 0.0, "percent_covered_display": "0", "missing_lines": 1, "excluded_lines": 0, "percent_statements_covered": 0.0, "percent_statements_covered_display": "0"}, "missing_lines": [143], "excluded_lines": [], "start_line": 138}, "update_current_user_info": {"executed_lines": [], "summary": {"covered_lines": 0, "num_statements": 1, "percent_covered": 0.0, "percent_covered_display": "0", "missing_lines": 1, "excluded_lines": 0, "percent_statements_covered": 0.0, "percent_statements_covered_display": "0"}, "missing_lines": [153], "excluded_lines": [], "start_line": 147}, "logout": {"executed_lines": [], "summary": {"covered_lines": 0, "num_statements": 1, "percent_covered": 0.0, "percent_covered_display": "0", "missing_lines": 1, "excluded_lines": 0, "percent_statements_covered": 0.0, "percent_statements_covered_display": "0"}, "missing_lines": [163], "excluded_lines": [], "start_line": 157}, "": {"executed_lines": [3, 5, 6, 7, 9, 10, 11, 12, 21, 23, 24, 27, 28, 31, 45, 46, 54, 55, 63, 64, 78, 79, 95, 96, 111, 112, 128, 129, 137, 138, 146, 147, 156, 157], "summary": {"covered_lines": 34, "num_statements": 34, "percent_covered": 100.0, "percent_covered_display": "100", "missing_lines": 0, "excluded_lines": 0, "percent_statements_covered": 100.0, "percent_statements_covered_display": "100"}, "missing_lines": [], "excluded_lines": [], "start_line": 1}}, "classes": {"": {"executed_lines": [3, 5, 6, 7, 9, 10, 11, 12, 21, 23, 24, 27, 28, 31, 45, 46, 54, 55, 63, 64, 78, 79, 95, 96, 111, 112, 128, 129, 137, 138, 146, 147, 156, 157], "summary": {"covered_lines": 34, "num_statements": 57, "percent_covered": 59.64912280701754, "percent_covered_display": "60", "missing_lines": 23, "excluded_lines": 0, "percent_statements_covered": 59.64912280701754, "percent_statements_covered_display": "60"}, "missing_lines": [36, 37, 42, 51, 60, 66, 68, 74, 75, 86, 87, 92, 98, 100, 107, 108, 119, 120, 125, 134, 143, 153, 163], "excluded_lines": [], "start_line": 1}}}, "src/omni_server/auth/service.py": {"executed_lines": [3, 4, 5, 7, 8, 9, 10, 11, 13, 14, 15, 26, 29, 31, 32, 34, 36, 37, 39, 41, 43, 47, 48, 49, 50, 51, 53, 55, 56, 57, 64, 66, 67, 68, 75, 77, 78, 83, 84, 85, 90, 93, 94, 95, 101, 102, 103, 109, 110, 112, 119, 120, 126, 127, 128, 131, 140, 141, 143, 155, 158, 166, 167, 172, 178, 185, 186, 188, 196, 241, 351, 461, 488, 490, 491, 497, 509, 511, 531, 535, 536, 543, 545, 550, 555, 557, 560, 563, 575, 577, 579, 581, 583, 585, 588, 590, 591, 592, 594, 596], "summary": {"covered_lines": 100, "num_statements": 209, "percent_covered": 47.84688995215311, "percent_covered_display": "48", "missing_lines": 109, "excluded_lines": 0, "percent_statements_covered": 47.84688995215311, "percent_statements_covered_display": "48"}, "missing_lines": [111, 113, 173, 179, 198, 199, 204, 205, 209, 210, 211, 216, 217, 218, 223, 224, 230, 231, 233, 244, 254, 256, 257, 262, 265, 269, 272, 274, 276, 277, 283, 284, 285, 287, 297, 298, 299, 300, 301, 307, 310, 312, 313, 314, 315, 316, 318, 326, 327, 328, 331, 340, 341, 343, 354, 364, 366, 367, 372, 375, 379, 382, 384, 386, 387, 393, 394, 395, 397, 407, 408, 409, 410, 411, 417, 420, 422, 423, 424, 425, 426, 428, 436, 437, 438, 441, 450, 451, 453, 463, 465, 466, 471, 472, 474, 475, 480, 481, 486, 492, 537, 551, 558, 576, 578, 580, 582, 584, 586], "excluded_lines": [], "functions": {"AuthService.__init__": {"executed_lines": [31, 32], "summary": {"covered_lines": 2, "num_statements": 2, "percent_covered": 100.0, "percent_covered_display": "100", "missing_lines": 0, "excluded_lines": 0, "percent_statements_covered": 100.0, "percent_statements_covered_display": "100"}, "missing_lines": [], "excluded_lines": [], "start_line": 29}, "AuthService.hash_password": {"executed_lines": [36, 37], "summary": {"covered_lines": 2, "num_statements": 2, "percent_covered": 100.0, "percent_covered_display": "100", "missing_lines": 0, "excluded_lines": 0, "percent_statements_covered": 100.0, "percent_statements_covered_display": "100"}, "missing_lines": [], "excluded_lines": [], "start_line": 34}, "AuthService.verify_password": {"executed_lines": [41], "summary": {"covered_lines": 1, "num_statements": 1, "percent_covered": 100.0, "percent_covered_display": "100", "missing_lines": 0, "excluded_lines": 0, "percent_statements_covered": 100.0, "percent_statements_covered_display": "100"}, "missing_lines": [], "excluded_lines": [], "start_line": 39}, "AuthService._create_token": {"executed_lines": [47, 48, 49, 50, 51], "summary": {"covered_lines": 5, "num_statements": 5, "percent_covered": 100.0, "percent_covered_display": "100", "missing_lines": 0, "excluded_lines": 0, "percent_statements_covered": 100.0, "percent_statements_covered_display": "100"}, "missing_lines": [], "excluded_lines": [], "start_line": 43}, "AuthService.create_access_token": {"executed_lines": [55, 56, 57], "summary": {"covered_lines": 3, "num_statements": 3, "percent_covered": 100.0, "percent_covered_display": "100", "missing_lines": 0, "excluded_lines": 0, "percent_statements_covered": 100.0, "percent_statements_covered_display": "100"}, "missing_lines": [], "excluded_lines": [], "start_line": 53}, "AuthService.create_refresh_token": {"executed_lines": [66, 67, 68], "summary": {"covered_lines": 3, "num_statements": 3, "percent_covered": 100.0, "percent_covered_display": "100", "missing_lines": 0, "excluded_lines": 0, "percent_statements_covered": 100.0, "percent_statements_covered_display": "100"}, "missing_lines": [], "excluded_lines": [], "start_line": 64}, "AuthService._decode_token": {"executed_lines": [77, 78, 83, 84, 85], "summary": {"covered_lines": 5, "num_statements": 5, "percent_covered": 100.0, "percent_covered_display": "100", "missing_lines": 0, "excluded_lines": 0, "percent_statements_covered": 100.0, "percent_statements_covered_display": "100"}, "missing_lines": [], "excluded_lines": [], "start_line": 75}, "AuthService.register_user": {"executed_lines": [93, 94, 95, 101, 102, 103, 109, 110, 112, 119, 120, 126, 127, 128, 131, 140, 141, 143], "summary": {"covered_lines": 18, "num_statements": 20, "percent_covered": 90.0, "percent_covered_display": "90", "missing_lines": 2, "excluded_lines": 0, "percent_statements_covered": 90.0, "percent_statements_covered_display": "90"}, "missing_lines": [111, 113], "excluded_lines": [], "start_line": 90}, "AuthService.login_user": {"executed_lines": [158, 166, 167, 172, 178, 185, 186, 188], "summary": {"covered_lines": 8, "num_statements": 10, "percent_covered": 80.0, "percent_covered_display": "80", "missing_lines": 2, "excluded_lines": 0, "percent_statements_covered": 80.0, "percent_statements_covered_display": "80"}, "missing_lines": [173, 179], "excluded_lines": [], "start_line": 155}, "AuthService.refresh_tokens": {"executed_lines": [], "summary": {"covered_lines": 0, "num_statements": 15, "percent_covered": 0.0, "percent_covered_display": "0", "missing_lines": 15, "excluded_lines": 0, "percent_statements_covered": 0.0, "percent_statements_covered_display": "0"}, "missing_lines": [198, 199, 204, 205, 209, 210, 211, 216, 217, 218, 223, 224, 230, 231, 233], "excluded_lines": [], "start_line": 196}, "AuthService.handle_github_oauth": {"executed_lines": [], "summary": {"covered_lines": 0, "num_statements": 35, "percent_covered": 0.0, "percent_covered_display": "0", "missing_lines": 35, "excluded_lines": 0, "percent_statements_covered": 0.0, "percent_statements_covered_display": "0"}, "missing_lines": [244, 254, 256, 257, 262, 265, 269, 272, 274, 276, 277, 283, 284, 285, 287, 297, 298, 299, 300, 301, 307, 310, 312, 313, 314, 315, 316, 318, 326, 327, 328, 331, 340, 341, 343], "excluded_lines": [], "start_line": 241}, "AuthService.handle_gitlab_oauth": {"executed_lines": [], "summary": {"covered_lines": 0, "num_statements": 35, "percent_covered": 0.0, "percent_covered_display": "0", "missing_lines": 35, "excluded_lines": 0, "percent_statements_covered": 0.0, "percent_statements_covered_display": "0"}, "missing_lines": [354, 364, 366, 367, 372, 375, 379, 382, 384, 386, 387, 393, 394, 395, 397, 407, 408, 409, 410, 411, 417, 420, 422, 423, 424, 425, 426, 428, 436, 437, 438, 441, 450, 451, 453], "excluded_lines": [], "start_line": 351}, "AuthService.get_current_user": {"executed_lines": [], "summary": {"covered_lines": 0, "num_statements": 10, "percent_covered": 0.0, "percent_covered_display": "0", "missing_lines": 10, "excluded_lines": 0, "percent_statements_covered": 0.0, "percent_statements_covered_display": "0"}, "missing_lines": [463, 465, 466, 471, 472, 474, 475, 480, 481, 486], "excluded_lines": [], "start_line": 461}, "AuthService.get_user_by_id": {"executed_lines": [490, 491, 497, 509, 511], "summary": {"covered_lines": 5, "num_statements": 6, "percent_covered": 83.33333333333333, "percent_covered_display": "83", "missing_lines": 1, "excluded_lines": 0, "percent_statements_covered": 83.33333333333333, "percent_statements_covered_display": "83"}, "missing_lines": [492], "excluded_lines": [], "start_line": 488}, "AuthService.update_user": {"executed_lines": [535, 536, 543, 545, 550, 555, 557, 560, 563, 575, 577, 579, 581, 583, 585, 588, 590, 591, 592, 594, 596], "summary": {"covered_lines": 21, "num_statements": 30, "percent_covered": 70.0, "percent_covered_display": "70", "missing_lines": 9, "excluded_lines": 0, "percent_statements_covered": 70.0, "percent_statements_covered_display": "70"}, "missing_lines": [537, 551, 558, 576, 578, 580, 582, 584, 586], "excluded_lines": [], "start_line": 531}, "": {"executed_lines": [3, 4, 5, 7, 8, 9, 10, 11, 13, 14, 15, 26, 29, 34, 39, 43, 53, 64, 75, 90, 155, 196, 241, 351, 461, 488, 531], "summary": {"covered_lines": 27, "num_statements": 27, "percent_covered": 100.0, "percent_covered_display": "100", "missing_lines": 0, "excluded_lines": 0, "percent_statements_covered": 100.0, "percent_statements_covered_display": "100"}, "missing_lines": [], "excluded_lines": [], "start_line": 1}}, "classes": {"AuthService": {"executed_lines": [31, 32, 36, 37, 41, 47, 48, 49, 50, 51, 55, 56, 57, 66, 67, 68, 77, 78, 83, 84, 85, 93, 94, 95, 101, 102, 103, 109, 110, 112, 119, 120, 126, 127, 128, 131, 140, 141, 143, 158, 166, 167, 172, 178, 185, 186, 188, 490, 491, 497, 509, 511, 535, 536, 543, 545, 550, 555, 557, 560, 563, 575, 577, 579, 581, 583, 585, 588, 590, 591, 592, 594, 596], "summary": {"covered_lines": 73, "num_statements": 182, "percent_covered": 40.10989010989011, "percent_covered_display": "40", "missing_lines": 109, "excluded_lines": 0, "percent_statements_covered": 40.10989010989011, "percent_statements_covered_display": "40"}, "missing_lines": [111, 113, 173, 179, 198, 199, 204, 205, 209, 210, 211, 216, 217, 218, 223, 224, 230, 231, 233, 244, 254, 256, 257, 262, 265, 269, 272, 274, 276, 277, 283, 284, 285, 287, 297, 298, 299, 300, 301, 307, 310, 312, 313, 314, 315, 316, 318, 326, 327, 328, 331, 340, 341, 343, 354, 364, 366, 367, 372, 375, 379, 382, 384, 386, 387, 393, 394, 395, 397, 407, 408, 409, 410, 411, 417, 420, 422, 423, 424, 425, 426, 428, 436, 437, 438, 441, 450, 451, 453, 463, 465, 466, 471, 472, 474, 475, 480, 481, 486, 492, 537, 551, 558, 576, 578, 580, 582, 584, 586], "excluded_lines": [], "start_line": 26}, "": {"executed_lines": [3, 4, 5, 7, 8, 9, 10, 11, 13, 14, 15, 26, 29, 34, 39, 43, 53, 64, 75, 90, 155, 196, 241, 351, 461, 488, 531], "summary": {"covered_lines": 27, "num_statements": 27, "percent_covered": 100.0, "percent_covered_display": "100", "missing_lines": 0, "excluded_lines": 0, "percent_statements_covered": 100.0, "percent_statements_covered_display": "100"}, "missing_lines": [], "excluded_lines": [], "start_line": 1}}}, "src/omni_server/config.py": {"executed_lines": [3, 6, 9, 17, 18, 19, 20, 23, 26, 27, 30, 33, 34, 35, 36, 38, 39, 41, 43, 44, 46, 49, 50, 51, 52, 53, 54], "summary": {"covered_lines": 27, "num_statements": 27, "percent_covered": 100.0, "percent_covered_display": "100", "missing_lines": 0, "excluded_lines": 0, "percent_statements_covered": 100.0, "percent_statements_covered_display": "100"}, "missing_lines": [], "excluded_lines": [], "functions": {"Settings.access_token_expire_minutes": {"executed_lines": [41], "summary": {"covered_lines": 1, "num_statements": 1, "percent_covered": 100.0, "percent_covered_display": "100", "missing_lines": 0, "excluded_lines": 0, "percent_statements_covered": 100.0, "percent_statements_covered_display": "100"}, "missing_lines": [], "excluded_lines": [], "start_line": 39}, "Settings.refresh_token_expire_days": {"executed_lines": [46], "summary": {"covered_lines": 1, "num_statements": 1, "percent_covered": 100.0, "percent_covered_display": "100", "missing_lines": 0, "excluded_lines": 0, "percent_statements_covered": 100.0, "percent_statements_covered_display": "100"}, "missing_lines": [], "excluded_lines": [], "start_line": 44}, "": {"executed_lines": [3, 6, 9, 17, 18, 19, 20, 23, 26, 27, 30, 33, 34, 35, 36, 38, 39, 43, 44, 49, 50, 51, 52, 53, 54], "summary": {"covered_lines": 25, "num_statements": 25, "percent_covered": 100.0, "percent_covered_display": "100", "missing_lines": 0, "excluded_lines": 0, "percent_statements_covered": 100.0, "percent_statements_covered_display": "100"}, "missing_lines": [], "excluded_lines": [], "start_line": 1}}, "classes": {"Settings": {"executed_lines": [41, 46], "summary": {"covered_lines": 2, "num_statements": 2, "percent_covered": 100.0, "percent_covered_display": "100", "missing_lines": 0, "excluded_lines": 0, "percent_statements_covered": 100.0, "percent_statements_covered_display": "100"}, "missing_lines": [], "excluded_lines": [], "start_line": 6}, "": {"executed_lines": [3, 6, 9, 17, 18, 19, 20, 23, 26, 27, 30, 33, 34, 35, 36, 38, 39, 43, 44, 49, 50, 51, 52, 53, 54], "summary": {"covered_lines": 25, "num_statements": 25, "percent_covered": 100.0, "percent_covered_display": "100", "missing_lines": 0, "excluded_lines": 0, "percent_statements_covered": 100.0, "percent_statements_covered_display": "100"}, "missing_lines": [], "excluded_lines": [], "start_line": 1}}}, "src/omni_server/database.py": {"executed_lines": [3, 4, 6, 7, 9, 11, 12, 15, 17, 20], "summary": {"covered_lines": 10, "num_statements": 14, "percent_covered": 71.42857142857143, "percent_covered_display": "71", "missing_lines": 4, "excluded_lines": 0, "percent_statements_covered": 71.42857142857143, "percent_statements_covered_display": "71"}, "missing_lines": [22, 23, 24, 26], "excluded_lines": [], "functions": {"init_db": {"executed_lines": [17], "summary": {"covered_lines": 1, "num_statements": 1, "percent_covered": 100.0, "percent_covered_display": "100", "missing_lines": 0, "excluded_lines": 0, "percent_statements_covered": 100.0, "percent_statements_covered_display": "100"}, "missing_lines": [], "excluded_lines": [], "start_line": 15}, "get_db": {"executed_lines": [], "summary": {"covered_lines": 0, "num_statements": 4, "percent_covered": 0.0, "percent_covered_display": "0", "missing_lines": 4, "excluded_lines": 0, "percent_statements_covered": 0.0, "percent_statements_covered_display": "0"}, "missing_lines": [22, 23, 24, 26], "excluded_lines": [], "start_line": 20}, "": {"executed_lines": [3, 4, 6, 7, 9, 11, 12, 15, 20], "summary": {"covered_lines": 9, "num_statements": 9, "percent_covered": 100.0, "percent_covered_display": "100", "missing_lines": 0, "excluded_lines": 0, "percent_statements_covered": 100.0, "percent_statements_covered_display": "100"}, "missing_lines": [], "excluded_lines": [], "start_line": 1}}, "classes": {"": {"executed_lines": [3, 4, 6, 7, 9, 11, 12, 15, 17, 20], "summary": {"covered_lines": 10, "num_statements": 14, "percent_covered": 71.42857142857143, "percent_covered_display": "71", "missing_lines": 4, "excluded_lines": 0, "percent_statements_covered": 71.42857142857143, "percent_statements_covered_display": "71"}, "missing_lines": [22, 23, 24, 26], "excluded_lines": [], "start_line": 1}}}, "src/omni_server/main.py": {"executed_lines": [3, 5, 6, 8, 9, 11, 12, 13, 15, 18, 19, 21, 22, 25, 32, 40, 41, 42, 43, 44, 47, 48, 53, 54], "summary": {"covered_lines": 24, "num_statements": 26, "percent_covered": 92.3076923076923, "percent_covered_display": "92", "missing_lines": 2, "excluded_lines": 0, "percent_statements_covered": 92.3076923076923, "percent_statements_covered_display": "92"}, "missing_lines": [50, 56], "excluded_lines": [], "functions": {"lifespan": {"executed_lines": [21, 22], "summary": {"covered_lines": 2, "num_statements": 2, "percent_covered": 100.0, "percent_covered_display": "100", "missing_lines": 0, "excluded_lines": 0, "percent_statements_covered": 100.0, "percent_statements_covered_display": "100"}, "missing_lines": [], "excluded_lines": [], "start_line": 19}, "health_check": {"executed_lines": [], "summary": {"covered_lines": 0, "num_statements": 1, "percent_covered": 0.0, "percent_covered_display": "0", "missing_lines": 1, "excluded_lines": 0, "percent_statements_covered": 0.0, "percent_statements_covered_display": "0"}, "missing_lines": [50], "excluded_lines": [], "start_line": 48}, "root": {"executed_lines": [], "summary": {"covered_lines": 0, "num_statements": 1, "percent_covered": 0.0, "percent_covered_display": "0", "missing_lines": 1, "excluded_lines": 0, "percent_statements_covered": 0.0, "percent_statements_covered_display": "0"}, "missing_lines": [56], "excluded_lines": [], "start_line": 54}, "": {"executed_lines": [3, 5, 6, 8, 9, 11, 12, 13, 15, 18, 19, 25, 32, 40, 41, 42, 43, 44, 47, 48, 53, 54], "summary": {"covered_lines": 22, "num_statements": 22, "percent_covered": 100.0, "percent_covered_display": "100", "missing_lines": 0, "excluded_lines": 0, "percent_statements_covered": 100.0, "percent_statements_covered_display": "100"}, "missing_lines": [], "excluded_lines": [], "start_line": 1}}, "classes": {"": {"executed_lines": [3, 5, 6, 8, 9, 11, 12, 13, 15, 18, 19, 21, 22, 25, 32, 40, 41, 42, 43, 44, 47, 48, 53, 54], "summary": {"covered_lines": 24, "num_statements": 26, "percent_covered": 92.3076923076923, "percent_covered_display": "92", "missing_lines": 2, "excluded_lines": 0, "percent_statements_covered": 92.3076923076923, "percent_statements_covered_display": "92"}, "missing_lines": [50, 56], "excluded_lines": [], "start_line": 1}}}, "src/omni_server/models.py": {"executed_lines": [3, 4, 5, 7, 10, 13, 14, 15, 16, 19, 22, 23, 24, 25, 28, 31, 32, 33, 34, 35, 36, 37, 38, 41, 44, 45, 46, 49, 52, 53, 54, 57, 60, 61, 62, 65, 68, 69, 70, 71, 72, 73, 74, 75, 76, 77, 78, 79, 81, 82, 85, 88, 89, 90, 91, 92, 93, 94, 97, 100, 101, 102, 103, 104, 105, 106, 107, 108, 109, 110, 111, 112, 113, 114, 115, 117, 118, 121, 124, 125, 126, 127, 128, 129, 130, 131, 134, 137, 138, 139, 140, 141, 142, 143, 144, 145, 146, 147, 149, 150, 153, 156, 157, 158, 159, 160, 161, 162, 163, 165, 166, 172, 173, 175, 178, 181, 183, 184, 185, 186, 187, 188, 189, 190, 191, 192, 195, 198, 200, 201, 202, 203, 204, 205, 206, 207, 208, 216, 219, 221, 222, 223, 224, 225, 226, 227, 228, 229, 230, 231, 234, 237, 239, 240, 241, 242, 243, 244, 247, 250, 252, 253, 254, 255, 256, 257, 260, 263, 265, 266, 267, 268, 269, 270, 271, 272, 273, 274, 277, 280, 282, 283, 284, 285, 286, 287, 288, 289, 290, 293, 296, 298, 299, 300, 301, 302, 303, 304, 305, 306, 314, 317, 319, 320, 321, 322, 323, 324, 325, 326, 327, 330, 333, 335, 336, 337, 338, 339, 340, 341, 349, 352, 354, 355, 356, 357, 360, 361, 362, 363, 366, 369, 371, 372, 373, 374, 375, 376, 377, 378, 379], "summary": {"covered_lines": 241, "num_statements": 241, "percent_covered": 100.0, "percent_covered_display": "100", "missing_lines": 0, "excluded_lines": 0, "percent_statements_covered": 100.0, "percent_statements_covered_display": "100"}, "missing_lines": [], "excluded_lines": [], "functions": {"": {"executed_lines": [3, 4, 5, 7, 10, 13, 14, 15, 16, 19, 22, 23, 24, 25, 28, 31, 32, 33, 34, 35, 36, 37, 38, 41, 44, 45, 46, 49, 52, 53, 54, 57, 60, 61, 62, 65, 68, 69, 70, 71, 72, 73, 74, 75, 76, 77, 78, 79, 81, 82, 85, 88, 89, 90, 91, 92, 93, 94, 97, 100, 101, 102, 103, 104, 105, 106, 107, 108, 109, 110, 111, 112, 113, 114, 115, 117, 118, 121, 124, 125, 126, 127, 128, 129, 130, 131, 134, 137, 138, 139, 140, 141, 142, 143, 144, 145, 146, 147, 149, 150, 153, 156, 157, 158, 159, 160, 161, 162, 163, 165, 166, 172, 173, 175, 178, 181, 183, 184, 185, 186, 187, 188, 189, 190, 191, 192, 195, 198, 200, 201, 202, 203, 204, 205, 206, 207, 208, 216, 219, 221, 222, 223, 224, 225, 226, 227, 228, 229, 230, 231, 234, 237, 239, 240, 241, 242, 243, 244, 247, 250, 252, 253, 254, 255, 256, 257, 260, 263, 265, 266, 267, 268, 269, 270, 271, 272, 273, 274, 277, 280, 282, 283, 284, 285, 286, 287, 288, 289, 290, 293, 296, 298, 299, 300, 301, 302, 303, 304, 305, 306, 314, 317, 319, 320, 321, 322, 323, 324, 325, 326, 327, 330, 333, 335, 336, 337, 338, 339, 340, 341, 349, 352, 354, 355, 356, 357, 360, 361, 362, 363, 366, 369, 371, 372, 373, 374, 375, 376, 377, 378, 379], "summary": {"covered_lines": 241, "num_statements": 241, "percent_covered": 100.0, "percent_covered_display": "100", "missing_lines": 0, "excluded_lines": 0, "percent_statements_covered": 100.0, "percent_statements_covered_display": "100"}, "missing_lines": [], "excluded_lines": [], "start_line": 1}}, "classes": {"StepType": {"executed_lines": [], "summary": {"covered_lines": 0, "num_statements": 0, "percent_covered": 100.0, "percent_covered_display": "100", "missing_lines": 0, "excluded_lines": 0, "percent_statements_covered": 100.0, "percent_statements_covered_display": "100"}, "missing_lines": [], "excluded_lines": [], "start_line": 10}, "Priority": {"executed_lines": [], "summary": {"covered_lines": 0, "num_statements": 0, "percent_covered": 100.0, "percent_covered_display": "100", "missing_lines": 0, "excluded_lines": 0, "percent_statements_covered": 100.0, "percent_statements_covered_display": "100"}, "missing_lines": [], "excluded_lines": [], "start_line": 19}, "TaskStatus": {"executed_lines": [], "summary": {"covered_lines": 0, "num_statements": 0, "percent_covered": 100.0, "percent_covered_display": "100", "missing_lines": 0, "excluded_lines": 0, "percent_statements_covered": 100.0, "percent_statements_covered_display": "100"}, "missing_lines": [], "excluded_lines": [], "start_line": 28}, "RunnerStatus": {"executed_lines": [], "summary": {"covered_lines": 0, "num_statements": 0, "percent_covered": 100.0, "percent_covered_display": "100", "missing_lines": 0, "excluded_lines": 0, "percent_statements_covered": 100.0, "percent_statements_covered_display": "100"}, "missing_lines": [], "excluded_lines": [], "start_line": 41}, "RetryPolicy": {"executed_lines": [], "summary": {"covered_lines": 0, "num_statements": 0, "percent_covered": 100.0, "percent_covered_display": "100", "missing_lines": 0, "excluded_lines": 0, "percent_statements_covered": 100.0, "percent_statements_covered_display": "100"}, "missing_lines": [], "excluded_lines": [], "start_line": 49}, "SecurityPolicy": {"executed_lines": [], "summary": {"covered_lines": 0, "num_statements": 0, "percent_covered": 100.0, "percent_covered_display": "100", "missing_lines": 0, "excluded_lines": 0, "percent_statements_covered": 100.0, "percent_statements_covered_display": "100"}, "missing_lines": [], "excluded_lines": [], "start_line": 57}, "PipelineStep": {"executed_lines": [], "summary": {"covered_lines": 0, "num_statements": 0, "percent_covered": 100.0, "percent_covered_display": "100", "missing_lines": 0, "excluded_lines": 0, "percent_statements_covered": 100.0, "percent_statements_covered_display": "100"}, "missing_lines": [], "excluded_lines": [], "start_line": 65}, "PipelineStep.Config": {"executed_lines": [], "summary": {"covered_lines": 0, "num_statements": 0, "percent_covered": 100.0, "percent_covered_display": "100", "missing_lines": 0, "excluded_lines": 0, "percent_statements_covered": 100.0, "percent_statements_covered_display": "100"}, "missing_lines": [], "excluded_lines": [], "start_line": 81}, "TaskManifest": {"executed_lines": [], "summary": {"covered_lines": 0, "num_statements": 0, "percent_covered": 100.0, "percent_covered_display": "100", "missing_lines": 0, "excluded_lines": 0, "percent_statements_covered": 100.0, "percent_statements_covered_display": "100"}, "missing_lines": [], "excluded_lines": [], "start_line": 85}, "StepResult": {"executed_lines": [], "summary": {"covered_lines": 0, "num_statements": 0, "percent_covered": 100.0, "percent_covered_display": "100", "missing_lines": 0, "excluded_lines": 0, "percent_statements_covered": 100.0, "percent_statements_covered_display": "100"}, "missing_lines": [], "excluded_lines": [], "start_line": 97}, "StepResult.Config": {"executed_lines": [], "summary": {"covered_lines": 0, "num_statements": 0, "percent_covered": 100.0, "percent_covered_display": "100", "missing_lines": 0, "excluded_lines": 0, "percent_statements_covered": 100.0, "percent_statements_covered_display": "100"}, "missing_lines": [], "excluded_lines": [], "start_line": 117}, "Summary": {"executed_lines": [], "summary": {"covered_lines": 0, "num_statements": 0, "percent_covered": 100.0, "percent_covered_display": "100", "missing_lines": 0, "excluded_lines": 0, "percent_statements_covered": 100.0, "percent_statements_covered_display": "100"}, "missing_lines": [], "excluded_lines": [], "start_line": 121}, "ExecutionResult": {"executed_lines": [], "summary": {"covered_lines": 0, "num_statements": 0, "percent_covered": 100.0, "percent_covered_display": "100", "missing_lines": 0, "excluded_lines": 0, "percent_statements_covered": 100.0, "percent_statements_covered_display": "100"}, "missing_lines": [], "excluded_lines": [], "start_line": 134}, "ExecutionResult.Config": {"executed_lines": [], "summary": {"covered_lines": 0, "num_statements": 0, "percent_covered": 100.0, "percent_covered_display": "100", "missing_lines": 0, "excluded_lines": 0, "percent_statements_covered": 100.0, "percent_statements_covered_display": "100"}, "missing_lines": [], "excluded_lines": [], "start_line": 149}, "Heartbeat": {"executed_lines": [], "summary": {"covered_lines": 0, "num_statements": 0, "percent_covered": 100.0, "percent_covered_display": "100", "missing_lines": 0, "excluded_lines": 0, "percent_statements_covered": 100.0, "percent_statements_covered_display": "100"}, "missing_lines": [], "excluded_lines": [], "start_line": 153}, "Heartbeat.Config": {"executed_lines": [], "summary": {"covered_lines": 0, "num_statements": 0, "percent_covered": 100.0, "percent_covered_display": "100", "missing_lines": 0, "excluded_lines": 0, "percent_statements_covered": 100.0, "percent_statements_covered_display": "100"}, "missing_lines": [], "excluded_lines": [], "start_line": 165}, "TaskQueueDB": {"executed_lines": [], "summary": {"covered_lines": 0, "num_statements": 0, "percent_covered": 100.0, "percent_covered_display": "100", "missing_lines": 0, "excluded_lines": 0, "percent_statements_covered": 100.0, "percent_statements_covered_display": "100"}, "missing_lines": [], "excluded_lines": [], "start_line": 178}, "DeviceHeartbeatDB": {"executed_lines": [], "summary": {"covered_lines": 0, "num_statements": 0, "percent_covered": 100.0, "percent_covered_display": "100", "missing_lines": 0, "excluded_lines": 0, "percent_statements_covered": 100.0, "percent_statements_covered_display": "100"}, "missing_lines": [], "excluded_lines": [], "start_line": 195}, "UserDB": {"executed_lines": [], "summary": {"covered_lines": 0, "num_statements": 0, "percent_covered": 100.0, "percent_covered_display": "100", "missing_lines": 0, "excluded_lines": 0, "percent_statements_covered": 100.0, "percent_statements_covered_display": "100"}, "missing_lines": [], "excluded_lines": [], "start_line": 216}, "RoleDB": {"executed_lines": [], "summary": {"covered_lines": 0, "num_statements": 0, "percent_covered": 100.0, "percent_covered_display": "100", "missing_lines": 0, "excluded_lines": 0, "percent_statements_covered": 100.0, "percent_statements_covered_display": "100"}, "missing_lines": [], "excluded_lines": [], "start_line": 234}, "PermissionDB": {"executed_lines": [], "summary": {"covered_lines": 0, "num_statements": 0, "percent_covered": 100.0, "percent_covered_display": "100", "missing_lines": 0, "excluded_lines": 0, "percent_statements_covered": 100.0, "percent_statements_covered_display": "100"}, "missing_lines": [], "excluded_lines": [], "start_line": 247}, "UserSettingsDB": {"executed_lines": [], "summary": {"covered_lines": 0, "num_statements": 0, "percent_covered": 100.0, "percent_covered_display": "100", "missing_lines": 0, "excluded_lines": 0, "percent_statements_covered": 100.0, "percent_statements_covered_display": "100"}, "missing_lines": [], "excluded_lines": [], "start_line": 260}, "NotificationDB": {"executed_lines": [], "summary": {"covered_lines": 0, "num_statements": 0, "percent_covered": 100.0, "percent_covered_display": "100", "missing_lines": 0, "excluded_lines": 0, "percent_statements_covered": 100.0, "percent_statements_covered_display": "100"}, "missing_lines": [], "excluded_lines": [], "start_line": 277}, "AuditLogDB": {"executed_lines": [], "summary": {"covered_lines": 0, "num_statements": 0, "percent_covered": 100.0, "percent_covered_display": "100", "missing_lines": 0, "excluded_lines": 0, "percent_statements_covered": 100.0, "percent_statements_covered_display": "100"}, "missing_lines": [], "excluded_lines": [], "start_line": 293}, "TestApplicationDB": {"executed_lines": [], "summary": {"covered_lines": 0, "num_statements": 0, "percent_covered": 100.0, "percent_covered_display": "100", "missing_lines": 0, "excluded_lines": 0, "percent_statements_covered": 100.0, "percent_statements_covered_display": "100"}, "missing_lines": [], "excluded_lines": [], "start_line": 314}, "AppEnvironmentDB": {"executed_lines": [], "summary": {"covered_lines": 0, "num_statements": 0, "percent_covered": 100.0, "percent_covered_display": "100", "missing_lines": 0, "excluded_lines": 0, "percent_statements_covered": 100.0, "percent_statements_covered_display": "100"}, "missing_lines": [], "excluded_lines": [], "start_line": 330}, "SystemSettingDB": {"executed_lines": [], "summary": {"covered_lines": 0, "num_statements": 0, "percent_covered": 100.0, "percent_covered_display": "100", "missing_lines": 0, "excluded_lines": 0, "percent_statements_covered": 100.0, "percent_statements_covered_display": "100"}, "missing_lines": [], "excluded_lines": [], "start_line": 349}, "ServiceHealthDB": {"executed_lines": [], "summary": {"covered_lines": 0, "num_statements": 0, "percent_covered": 100.0, "percent_covered_display": "100", "missing_lines": 0, "excluded_lines": 0, "percent_statements_covered": 100.0, "percent_statements_covered_display": "100"}, "missing_lines": [], "excluded_lines": [], "start_line": 366}, "": {"executed_lines": [3, 4, 5, 7, 10, 13, 14, 15, 16, 19, 22, 23, 24, 25, 28, 31, 32, 33, 34, 35, 36, 37, 38, 41, 44, 45, 46, 49, 52, 53, 54, 57, 60, 61, 62, 65, 68, 69, 70, 71, 72, 73, 74, 75, 76, 77, 78, 79, 81, 82, 85, 88, 89, 90, 91, 92, 93, 94, 97, 100, 101, 102, 103, 104, 105, 106, 107, 108, 109, 110, 111, 112, 113, 114, 115, 117, 118, 121, 124, 125, 126, 127, 128, 129, 130, 131, 134, 137, 138, 139, 140, 141, 142, 143, 144, 145, 146, 147, 149, 150, 153, 156, 157, 158, 159, 160, 161, 162, 163, 165, 166, 172, 173, 175, 178, 181, 183, 184, 185, 186, 187, 188, 189, 190, 191, 192, 195, 198, 200, 201, 202, 203, 204, 205, 206, 207, 208, 216, 219, 221, 222, 223, 224, 225, 226, 227, 228, 229, 230, 231, 234, 237, 239, 240, 241, 242, 243, 244, 247, 250, 252, 253, 254, 255, 256, 257, 260, 263, 265, 266, 267, 268, 269, 270, 271, 272, 273, 274, 277, 280, 282, 283, 284, 285, 286, 287, 288, 289, 290, 293, 296, 298, 299, 300, 301, 302, 303, 304, 305, 306, 314, 317, 319, 320, 321, 322, 323, 324, 325, 326, 327, 330, 333, 335, 336, 337, 338, 339, 340, 341, 349, 352, 354, 355, 356, 357, 360, 361, 362, 363, 366, 369, 371, 372, 373, 374, 375, 376, 377, 378, 379], "summary": {"covered_lines": 241, "num_statements": 241, "percent_covered": 100.0, "percent_covered_display": "100", "missing_lines": 0, "excluded_lines": 0, "percent_statements_covered": 100.0, "percent_statements_covered_display": "100"}, "missing_lines": [], "excluded_lines": [], "start_line": 1}}}, "src/omni_server/queue/__init__.py": {"executed_lines": [3, 4, 6, 7, 9, 12, 15, 16, 20, 26, 27, 28, 30, 31, 33, 34, 36, 50, 51, 53, 59, 60, 61, 62, 63, 65, 67, 68, 70, 72, 73, 74, 75, 77, 79, 80, 82, 84, 85, 86, 87, 88, 90, 92, 93, 95, 97, 98, 102, 103, 104, 105], "summary": {"covered_lines": 52, "num_statements": 52, "percent_covered": 100.0, "percent_covered_display": "100", "missing_lines": 0, "excluded_lines": 0, "percent_statements_covered": 100.0, "percent_statements_covered_display": "100"}, "missing_lines": [], "excluded_lines": [], "functions": {"TaskQueueManager.enqueue_task": {"executed_lines": [20, 26, 27, 28], "summary": {"covered_lines": 4, "num_statements": 4, "percent_covered": 100.0, "percent_covered_display": "100", "missing_lines": 0, "excluded_lines": 0, "percent_statements_covered": 100.0, "percent_statements_covered_display": "100"}, "missing_lines": [], "excluded_lines": [], "start_line": 16}, "TaskQueueManager.poll_for_tasks": {"executed_lines": [33, 34, 36], "summary": {"covered_lines": 3, "num_statements": 3, "percent_covered": 100.0, "percent_covered_display": "100", "missing_lines": 0, "excluded_lines": 0, "percent_statements_covered": 100.0, "percent_statements_covered_display": "100"}, "missing_lines": [], "excluded_lines": [], "start_line": 31}, "TaskQueueManager.assign_task": {"executed_lines": [53, 59, 60, 61, 62, 63, 65], "summary": {"covered_lines": 7, "num_statements": 7, "percent_covered": 100.0, "percent_covered_display": "100", "missing_lines": 0, "excluded_lines": 0, "percent_statements_covered": 100.0, "percent_statements_covered_display": "100"}, "missing_lines": [], "excluded_lines": [], "start_line": 51}, "TaskQueueManager.update_task_status": {"executed_lines": [70, 72, 73, 74, 75, 77], "summary": {"covered_lines": 6, "num_statements": 6, "percent_covered": 100.0, "percent_covered_display": "100", "missing_lines": 0, "excluded_lines": 0, "percent_statements_covered": 100.0, "percent_statements_covered_display": "100"}, "missing_lines": [], "excluded_lines": [], "start_line": 68}, "TaskQueueManager.record_result": {"executed_lines": [82, 84, 85, 86, 87, 88, 90], "summary": {"covered_lines": 7, "num_statements": 7, "percent_covered": 100.0, "percent_covered_display": "100", "missing_lines": 0, "excluded_lines": 0, "percent_statements_covered": 100.0, "percent_statements_covered_display": "100"}, "missing_lines": [], "excluded_lines": [], "start_line": 80}, "TaskQueueManager.get_task_by_id": {"executed_lines": [95], "summary": {"covered_lines": 1, "num_statements": 1, "percent_covered": 100.0, "percent_covered_display": "100", "missing_lines": 0, "excluded_lines": 0, "percent_statements_covered": 100.0, "percent_statements_covered_display": "100"}, "missing_lines": [], "excluded_lines": [], "start_line": 93}, "TaskQueueManager.list_tasks": {"executed_lines": [102, 103, 104, 105], "summary": {"covered_lines": 4, "num_statements": 4, "percent_covered": 100.0, "percent_covered_display": "100", "missing_lines": 0, "excluded_lines": 0, "percent_statements_covered": 100.0, "percent_statements_covered_display": "100"}, "missing_lines": [], "excluded_lines": [], "start_line": 98}, "": {"executed_lines": [3, 4, 6, 7, 9, 12, 15, 16, 30, 31, 50, 51, 67, 68, 79, 80, 92, 93, 97, 98], "summary": {"covered_lines": 20, "num_statements": 20, "percent_covered": 100.0, "percent_covered_display": "100", "missing_lines": 0, "excluded_lines": 0, "percent_statements_covered": 100.0, "percent_statements_covered_display": "100"}, "missing_lines": [], "excluded_lines": [], "start_line": 1}}, "classes": {"TaskQueueManager": {"executed_lines": [20, 26, 27, 28, 33, 34, 36, 53, 59, 60, 61, 62, 63, 65, 70, 72, 73, 74, 75, 77, 82, 84, 85, 86, 87, 88, 90, 95, 102, 103, 104, 105], "summary": {"covered_lines": 32, "num_statements": 32, "percent_covered": 100.0, "percent_covered_display": "100", "missing_lines": 0, "excluded_lines": 0, "percent_statements_covered": 100.0, "percent_statements_covered_display": "100"}, "missing_lines": [], "excluded_lines": [], "start_line": 12}, "": {"executed_lines": [3, 4, 6, 7, 9, 12, 15, 16, 30, 31, 50, 51, 67, 68, 79, 80, 92, 93, 97, 98], "summary": {"covered_lines": 20, "num_statements": 20, "percent_covered": 100.0, "percent_covered_display": "100", "missing_lines": 0, "excluded_lines": 0, "percent_statements_covered": 100.0, "percent_statements_covered_display": "100"}, "missing_lines": [], "excluded_lines": [], "start_line": 1}}}, "src/omni_server/schemas/__init__.py": {"executed_lines": [3, 6, 9, 10, 13, 16], "summary": {"covered_lines": 6, "num_statements": 6, "percent_covered": 100.0, "percent_covered_display": "100", "missing_lines": 0, "excluded_lines": 0, "percent_statements_covered": 100.0, "percent_statements_covered_display": "100"}, "missing_lines": [], "excluded_lines": [], "functions": {"": {"executed_lines": [3, 6, 9, 10, 13, 16], "summary": {"covered_lines": 6, "num_statements": 6, "percent_covered": 100.0, "percent_covered_display": "100", "missing_lines": 0, "excluded_lines": 0, "percent_statements_covered": 100.0, "percent_statements_covered_display": "100"}, "missing_lines": [], "excluded_lines": [], "start_line": 1}}, "classes": {"HealthResponse": {"executed_lines": [], "summary": {"covered_lines": 0, "num_statements": 0, "percent_covered": 100.0, "percent_covered_display": "100", "missing_lines": 0, "excluded_lines": 0, "percent_statements_covered": 100.0, "percent_statements_covered_display": "100"}, "missing_lines": [], "excluded_lines": [], "start_line": 6}, "ErrorResponse": {"executed_lines": [], "summary": {"covered_lines": 0, "num_statements": 0, "percent_covered": 100.0, "percent_covered_display": "100", "missing_lines": 0, "excluded_lines": 0, "percent_statements_covered": 100.0, "percent_statements_covered_display": "100"}, "missing_lines": [], "excluded_lines": [], "start_line": 13}, "": {"executed_lines": [3, 6, 9, 10, 13, 16], "summary": {"covered_lines": 6, "num_statements": 6, "percent_covered": 100.0, "percent_covered_display": "100", "missing_lines": 0, "excluded_lines": 0, "percent_statements_covered": 100.0, "percent_statements_covered_display": "100"}, "missing_lines": [], "excluded_lines": [], "start_line": 1}}}}, "totals": {"covered_lines": 864, "num_statements": 1085, "percent_covered": 79.63133640552995, "percent_covered_display": "80", "missing_lines": 221, "excluded_lines": 0, "percent_statements_covered": 79.63133640552995, "percent_statements_covered_display": "80"}}